<?xml version="1.0" encoding="UTF-8"?>
<testng-results ignored="0" total="1" passed="1" failed="0" skipped="0">
  <reporter-output>
  </reporter-output>
  <suite started-at="2023-10-06T15:00:54 IST" name="Default suite" finished-at="2023-10-06T15:01:05 IST" duration-ms="11256">
    <groups>
    </groups>
    <test started-at="2023-10-06T15:00:54 IST" name="Default test" finished-at="2023-10-06T15:01:05 IST" duration-ms="11256">
      <class name="Selenium.Testex">
        <test-method signature="exam()[pri:0, instance:Selenium.Testex@3c7f66c4]" started-at="2023-10-06T15:00:54 IST" name="exam" finished-at="2023-10-06T15:01:05 IST" duration-ms="11133" status="PASS">
          <reporter-output>
          </reporter-output>
        </test-method> <!-- exam -->
      </class> <!-- Selenium.Testex -->
    </test> <!-- Default test -->
  </suite> <!-- Default suite -->
</testng-results>
